<?xml version="1.0" encoding="UTF-8"?>
<!-- Generated by org.testng.reporters.JUnitReportReporter -->
<testsuite hostname="INLN50915303A" name="selenium.test.SimpleWorkflow" tests="1" failures="0" timestamp="5 Aug 2017 21:41:48 GMT" time="19.866" errors="0">
  <testcase name="openURL" time="19.866" classname="selenium.test.SimpleWorkflow"/>
</testsuite> <!-- selenium.test.SimpleWorkflow -->
