<?xml version="1.0" encoding="UTF-8"?>
<!-- Generated by org.testng.reporters.JUnitReportReporter -->
<testsuite hostname="INLN50915303A" name="selenium.test.SimpleWorkflow" tests="1" failures="0" timestamp="5 Aug 2017 18:33:33 GMT" time="16.348" errors="0">
  <testcase name="openURL" time="16.348" classname="selenium.test.SimpleWorkflow"/>
</testsuite> <!-- selenium.test.SimpleWorkflow -->
