<?xml version="1.0" encoding="UTF-8"?>
<!-- Generated by org.testng.reporters.JUnitReportReporter -->
<testsuite hostname="INLN50915303A" name="selenium.test.SimpleWorkflow" tests="2" failures="0" timestamp="6 Aug 2017 17:45:16 GMT" time="34.369" errors="0">
  <testcase name="openURL" time="19.362" classname="selenium.test.SimpleWorkflow"/>
  <testcase name="openURL" time="15.007" classname="selenium.test.SimpleWorkflow"/>
</testsuite> <!-- selenium.test.SimpleWorkflow -->
