<?xml version="1.0" encoding="UTF-8"?>
<!-- Generated by org.testng.reporters.JUnitReportReporter -->
<testsuite hostname="INLN50915303A" name="selenium.test.SimpleWorkflow" tests="1" failures="0" timestamp="2 Oct 2017 17:09:44 GMT" time="8.717" errors="0">
  <testcase name="openURL" time="8.717" classname="selenium.test.SimpleWorkflow"/>
</testsuite> <!-- selenium.test.SimpleWorkflow -->
